2022-11-28 15:38:24,960 - [INFO] - from org.nd4j.linalg.factory.Nd4jBackend in main
                
Loaded [CpuBackend] backend

2022-11-28 15:38:26,489 - [INFO] - from org.nd4j.nativeblas.NativeOpsHolder in main
                
Number of threads used for linear algebra: 6

2022-11-28 15:38:26,500 - [INFO] - from org.nd4j.linalg.cpu.nativecpu.CpuNDArrayFactory in main
                
Binary level Generic x86 optimization level AVX/AVX2

2022-11-28 15:38:26,527 - [INFO] - from org.nd4j.nativeblas.Nd4jBlas in main
                
Number of threads used for OpenMP BLAS: 6

2022-11-28 15:38:26,553 - [INFO] - from org.nd4j.linalg.api.ops.executioner.DefaultOpExecutioner in main
                
Backend used: [CPU]; OS: [Windows 11]

2022-11-28 15:38:26,553 - [INFO] - from org.nd4j.linalg.api.ops.executioner.DefaultOpExecutioner in main
                
Cores: [12]; Memory: [1.8GB];

2022-11-28 15:38:26,553 - [INFO] - from org.nd4j.linalg.api.ops.executioner.DefaultOpExecutioner in main
                
Blas vendor: [OPENBLAS]

2022-11-28 15:38:26,564 - [INFO] - from org.nd4j.linalg.cpu.nativecpu.CpuBackend in main
                
Backend build information:
 GCC: "12.1.0"
STD version: 201103L
DEFAULT_ENGINE: samediff::ENGINE_CPU
HAVE_FLATBUFFERS
HAVE_OPENBLAS

2022-11-28 15:38:26,613 - [INFO] - from org.deeplearning4j.models.sequencevectors.SequenceVectors in main
                
Starting vocabulary building...

2022-11-28 15:38:27,622 - [INFO] - from org.deeplearning4j.models.word2vec.wordstore.VocabConstructor in main
                
Sequences checked: [97162], Current vocabulary size: [242]; Sequences/sec: [96295.34];

2022-11-28 15:38:27,637 - [INFO] - from org.deeplearning4j.models.embeddings.loader.WordVectorSerializer in main
                
Projected memory use for model: [0.18 MB]

2022-11-28 15:38:27,731 - [INFO] - from org.deeplearning4j.models.embeddings.inmemory.InMemoryLookupTable in main
                
Initializing syn1...

2022-11-28 15:38:27,732 - [INFO] - from org.deeplearning4j.models.sequencevectors.SequenceVectors in main
                
Building learning algorithms:

2022-11-28 15:38:27,735 - [INFO] - from org.deeplearning4j.models.sequencevectors.SequenceVectors in main
                
          building ElementsLearningAlgorithm: [SkipGram]

2022-11-28 15:38:27,744 - [INFO] - from org.deeplearning4j.models.sequencevectors.SequenceVectors in main
                
Starting learning process...

2022-11-28 15:38:34,155 - [INFO] - from org.deeplearning4j.models.sequencevectors.SequenceVectors in main
                
Epoch [1] finished; Elements processed so far: [634303];  Sequences processed: [97162]

2022-11-28 15:38:34,156 - [INFO] - from org.deeplearning4j.models.sequencevectors.SequenceVectors in main
                
Time spent on training: 6410 ms

2022-11-28 15:44:39,933 - [INFO] - from org.nd4j.linalg.factory.Nd4jBackend in main
                
Loaded [CpuBackend] backend

2022-11-28 15:44:40,954 - [INFO] - from org.nd4j.nativeblas.NativeOpsHolder in main
                
Number of threads used for linear algebra: 6

2022-11-28 15:44:40,959 - [INFO] - from org.nd4j.linalg.cpu.nativecpu.CpuNDArrayFactory in main
                
Binary level Generic x86 optimization level AVX/AVX2

2022-11-28 15:44:40,979 - [INFO] - from org.nd4j.nativeblas.Nd4jBlas in main
                
Number of threads used for OpenMP BLAS: 6

2022-11-28 15:44:40,996 - [INFO] - from org.nd4j.linalg.api.ops.executioner.DefaultOpExecutioner in main
                
Backend used: [CPU]; OS: [Windows 11]

2022-11-28 15:44:40,996 - [INFO] - from org.nd4j.linalg.api.ops.executioner.DefaultOpExecutioner in main
                
Cores: [12]; Memory: [1.8GB];

2022-11-28 15:44:40,996 - [INFO] - from org.nd4j.linalg.api.ops.executioner.DefaultOpExecutioner in main
                
Blas vendor: [OPENBLAS]

2022-11-28 15:44:40,999 - [INFO] - from org.nd4j.linalg.cpu.nativecpu.CpuBackend in main
                
Backend build information:
 GCC: "12.1.0"
STD version: 201103L
DEFAULT_ENGINE: samediff::ENGINE_CPU
HAVE_FLATBUFFERS
HAVE_OPENBLAS

2022-11-28 15:44:41,035 - [INFO] - from org.deeplearning4j.models.sequencevectors.SequenceVectors in main
                
Starting vocabulary building...

2022-11-28 15:44:41,859 - [INFO] - from org.deeplearning4j.models.word2vec.wordstore.VocabConstructor in main
                
Sequences checked: [97162], Current vocabulary size: [242]; Sequences/sec: [117915.05];

2022-11-28 15:44:41,871 - [INFO] - from org.deeplearning4j.models.embeddings.loader.WordVectorSerializer in main
                
Projected memory use for model: [0.18 MB]

2022-11-28 15:44:41,942 - [INFO] - from org.deeplearning4j.models.embeddings.inmemory.InMemoryLookupTable in main
                
Initializing syn1...

2022-11-28 15:44:41,942 - [INFO] - from org.deeplearning4j.models.sequencevectors.SequenceVectors in main
                
Building learning algorithms:

2022-11-28 15:44:41,944 - [INFO] - from org.deeplearning4j.models.sequencevectors.SequenceVectors in main
                
          building ElementsLearningAlgorithm: [SkipGram]

2022-11-28 15:44:41,951 - [INFO] - from org.deeplearning4j.models.sequencevectors.SequenceVectors in main
                
Starting learning process...

2022-11-28 15:44:47,541 - [INFO] - from org.deeplearning4j.models.sequencevectors.SequenceVectors in main
                
Epoch [1] finished; Elements processed so far: [634303];  Sequences processed: [97162]

2022-11-28 15:44:47,541 - [INFO] - from org.deeplearning4j.models.sequencevectors.SequenceVectors in main
                
Time spent on training: 5589 ms

2022-11-28 15:46:14,608 - [INFO] - from org.nd4j.linalg.factory.Nd4jBackend in main
                
Loaded [CpuBackend] backend

2022-11-28 15:46:15,684 - [INFO] - from org.nd4j.nativeblas.NativeOpsHolder in main
                
Number of threads used for linear algebra: 6

2022-11-28 15:46:15,689 - [INFO] - from org.nd4j.linalg.cpu.nativecpu.CpuNDArrayFactory in main
                
Binary level Generic x86 optimization level AVX/AVX2

2022-11-28 15:46:15,712 - [INFO] - from org.nd4j.nativeblas.Nd4jBlas in main
                
Number of threads used for OpenMP BLAS: 6

2022-11-28 15:46:15,730 - [INFO] - from org.nd4j.linalg.api.ops.executioner.DefaultOpExecutioner in main
                
Backend used: [CPU]; OS: [Windows 11]

2022-11-28 15:46:15,730 - [INFO] - from org.nd4j.linalg.api.ops.executioner.DefaultOpExecutioner in main
                
Cores: [12]; Memory: [1.8GB];

2022-11-28 15:46:15,730 - [INFO] - from org.nd4j.linalg.api.ops.executioner.DefaultOpExecutioner in main
                
Blas vendor: [OPENBLAS]

2022-11-28 15:46:15,736 - [INFO] - from org.nd4j.linalg.cpu.nativecpu.CpuBackend in main
                
Backend build information:
 GCC: "12.1.0"
STD version: 201103L
DEFAULT_ENGINE: samediff::ENGINE_CPU
HAVE_FLATBUFFERS
HAVE_OPENBLAS

2022-11-28 15:46:15,771 - [INFO] - from org.deeplearning4j.models.sequencevectors.SequenceVectors in main
                
Starting vocabulary building...

2022-11-28 15:46:16,549 - [INFO] - from org.deeplearning4j.models.word2vec.wordstore.VocabConstructor in main
                
Sequences checked: [97162], Current vocabulary size: [242]; Sequences/sec: [125047.62];

2022-11-28 15:46:16,560 - [INFO] - from org.deeplearning4j.models.embeddings.loader.WordVectorSerializer in main
                
Projected memory use for model: [0.18 MB]

2022-11-28 15:46:16,631 - [INFO] - from org.deeplearning4j.models.embeddings.inmemory.InMemoryLookupTable in main
                
Initializing syn1...

2022-11-28 15:46:16,632 - [INFO] - from org.deeplearning4j.models.sequencevectors.SequenceVectors in main
                
Building learning algorithms:

2022-11-28 15:46:16,634 - [INFO] - from org.deeplearning4j.models.sequencevectors.SequenceVectors in main
                
          building ElementsLearningAlgorithm: [SkipGram]

2022-11-28 15:46:16,642 - [INFO] - from org.deeplearning4j.models.sequencevectors.SequenceVectors in main
                
Starting learning process...

2022-11-28 15:46:21,816 - [INFO] - from org.deeplearning4j.models.sequencevectors.SequenceVectors in main
                
Epoch [1] finished; Elements processed so far: [634303];  Sequences processed: [97162]

2022-11-28 15:46:21,816 - [INFO] - from org.deeplearning4j.models.sequencevectors.SequenceVectors in main
                
Time spent on training: 5174 ms

2022-11-28 17:21:05,461 - [INFO] - from org.nd4j.linalg.factory.Nd4jBackend in main
                
Loaded [CpuBackend] backend

2022-11-28 17:21:06,668 - [INFO] - from org.nd4j.nativeblas.NativeOpsHolder in main
                
Number of threads used for linear algebra: 6

2022-11-28 17:21:06,677 - [INFO] - from org.nd4j.linalg.cpu.nativecpu.CpuNDArrayFactory in main
                
Binary level Generic x86 optimization level AVX/AVX2

2022-11-28 17:21:06,696 - [INFO] - from org.nd4j.nativeblas.Nd4jBlas in main
                
Number of threads used for OpenMP BLAS: 6

2022-11-28 17:21:06,710 - [INFO] - from org.nd4j.linalg.api.ops.executioner.DefaultOpExecutioner in main
                
Backend used: [CPU]; OS: [Windows 11]

2022-11-28 17:21:06,710 - [INFO] - from org.nd4j.linalg.api.ops.executioner.DefaultOpExecutioner in main
                
Cores: [12]; Memory: [1.8GB];

2022-11-28 17:21:06,710 - [INFO] - from org.nd4j.linalg.api.ops.executioner.DefaultOpExecutioner in main
                
Blas vendor: [OPENBLAS]

2022-11-28 17:21:06,716 - [INFO] - from org.nd4j.linalg.cpu.nativecpu.CpuBackend in main
                
Backend build information:
 GCC: "12.1.0"
STD version: 201103L
DEFAULT_ENGINE: samediff::ENGINE_CPU
HAVE_FLATBUFFERS
HAVE_OPENBLAS

2022-11-28 17:21:06,756 - [INFO] - from org.deeplearning4j.models.sequencevectors.SequenceVectors in main
                
Starting vocabulary building...

2022-11-28 17:21:07,500 - [INFO] - from org.deeplearning4j.models.word2vec.wordstore.VocabConstructor in main
                
Sequences checked: [97162], Current vocabulary size: [242]; Sequences/sec: [130769.85];

2022-11-28 17:21:07,517 - [INFO] - from org.deeplearning4j.models.embeddings.loader.WordVectorSerializer in main
                
Projected memory use for model: [0.18 MB]

2022-11-28 17:21:07,606 - [INFO] - from org.deeplearning4j.models.embeddings.inmemory.InMemoryLookupTable in main
                
Initializing syn1...

2022-11-28 17:21:07,607 - [INFO] - from org.deeplearning4j.models.sequencevectors.SequenceVectors in main
                
Building learning algorithms:

2022-11-28 17:21:07,608 - [INFO] - from org.deeplearning4j.models.sequencevectors.SequenceVectors in main
                
          building ElementsLearningAlgorithm: [SkipGram]

2022-11-28 17:21:07,617 - [INFO] - from org.deeplearning4j.models.sequencevectors.SequenceVectors in main
                
Starting learning process...

2022-11-28 17:21:12,457 - [INFO] - from org.deeplearning4j.models.sequencevectors.SequenceVectors in main
                
Epoch [1] finished; Elements processed so far: [634303];  Sequences processed: [97162]

2022-11-28 17:21:12,458 - [INFO] - from org.deeplearning4j.models.sequencevectors.SequenceVectors in main
                
Time spent on training: 4841 ms

2022-11-29 13:25:05,513 - [INFO] - from org.nd4j.linalg.factory.Nd4jBackend in main
                
Loaded [CpuBackend] backend

2022-11-29 13:25:09,346 - [INFO] - from org.nd4j.nativeblas.NativeOpsHolder in main
                
Number of threads used for linear algebra: 6

2022-11-29 13:25:09,359 - [INFO] - from org.nd4j.linalg.cpu.nativecpu.CpuNDArrayFactory in main
                
Binary level Generic x86 optimization level AVX/AVX2

2022-11-29 13:25:09,399 - [INFO] - from org.nd4j.nativeblas.Nd4jBlas in main
                
Number of threads used for OpenMP BLAS: 6

2022-11-29 13:25:09,429 - [INFO] - from org.nd4j.linalg.api.ops.executioner.DefaultOpExecutioner in main
                
Backend used: [CPU]; OS: [Windows 11]

2022-11-29 13:25:09,429 - [INFO] - from org.nd4j.linalg.api.ops.executioner.DefaultOpExecutioner in main
                
Cores: [12]; Memory: [1.8GB];

2022-11-29 13:25:09,429 - [INFO] - from org.nd4j.linalg.api.ops.executioner.DefaultOpExecutioner in main
                
Blas vendor: [OPENBLAS]

2022-11-29 13:25:09,441 - [INFO] - from org.nd4j.linalg.cpu.nativecpu.CpuBackend in main
                
Backend build information:
 GCC: "12.1.0"
STD version: 201103L
DEFAULT_ENGINE: samediff::ENGINE_CPU
HAVE_FLATBUFFERS
HAVE_OPENBLAS

2022-11-29 13:25:09,506 - [INFO] - from org.deeplearning4j.models.sequencevectors.SequenceVectors in main
                
Starting vocabulary building...

2022-11-29 13:25:10,802 - [INFO] - from org.deeplearning4j.models.word2vec.wordstore.VocabConstructor in main
                
Sequences checked: [97162], Current vocabulary size: [242]; Sequences/sec: [75086.55];

2022-11-29 13:25:10,820 - [INFO] - from org.deeplearning4j.models.embeddings.loader.WordVectorSerializer in main
                
Projected memory use for model: [0.18 MB]

2022-11-29 13:25:10,964 - [INFO] - from org.deeplearning4j.models.embeddings.inmemory.InMemoryLookupTable in main
                
Initializing syn1...

2022-11-29 13:25:10,965 - [INFO] - from org.deeplearning4j.models.sequencevectors.SequenceVectors in main
                
Building learning algorithms:

2022-11-29 13:25:10,969 - [INFO] - from org.deeplearning4j.models.sequencevectors.SequenceVectors in main
                
          building ElementsLearningAlgorithm: [SkipGram]

2022-11-29 13:25:10,984 - [INFO] - from org.deeplearning4j.models.sequencevectors.SequenceVectors in main
                
Starting learning process...

2022-11-29 13:25:19,809 - [INFO] - from org.deeplearning4j.models.sequencevectors.SequenceVectors in main
                
Epoch [1] finished; Elements processed so far: [634303];  Sequences processed: [97162]

2022-11-29 13:25:19,809 - [INFO] - from org.deeplearning4j.models.sequencevectors.SequenceVectors in main
                
Time spent on training: 8824 ms

2022-11-29 13:39:04,137 - [INFO] - from org.nd4j.linalg.factory.Nd4jBackend in main
                
Loaded [CpuBackend] backend

2022-11-29 13:39:06,429 - [INFO] - from org.nd4j.nativeblas.NativeOpsHolder in main
                
Number of threads used for linear algebra: 6

2022-11-29 13:39:06,440 - [INFO] - from org.nd4j.linalg.cpu.nativecpu.CpuNDArrayFactory in main
                
Binary level Generic x86 optimization level AVX/AVX2

2022-11-29 13:39:06,478 - [INFO] - from org.nd4j.nativeblas.Nd4jBlas in main
                
Number of threads used for OpenMP BLAS: 6

2022-11-29 13:39:06,509 - [INFO] - from org.nd4j.linalg.api.ops.executioner.DefaultOpExecutioner in main
                
Backend used: [CPU]; OS: [Windows 11]

2022-11-29 13:39:06,510 - [INFO] - from org.nd4j.linalg.api.ops.executioner.DefaultOpExecutioner in main
                
Cores: [12]; Memory: [1.8GB];

2022-11-29 13:39:06,510 - [INFO] - from org.nd4j.linalg.api.ops.executioner.DefaultOpExecutioner in main
                
Blas vendor: [OPENBLAS]

2022-11-29 13:39:06,521 - [INFO] - from org.nd4j.linalg.cpu.nativecpu.CpuBackend in main
                
Backend build information:
 GCC: "12.1.0"
STD version: 201103L
DEFAULT_ENGINE: samediff::ENGINE_CPU
HAVE_FLATBUFFERS
HAVE_OPENBLAS

2022-11-29 13:39:06,591 - [INFO] - from org.deeplearning4j.models.sequencevectors.SequenceVectors in main
                
Starting vocabulary building...

2022-11-29 13:39:07,893 - [INFO] - from org.deeplearning4j.models.word2vec.wordstore.VocabConstructor in main
                
Sequences checked: [97162], Current vocabulary size: [242]; Sequences/sec: [74797.54];

2022-11-29 13:39:07,911 - [INFO] - from org.deeplearning4j.models.embeddings.loader.WordVectorSerializer in main
                
Projected memory use for model: [0.18 MB]

2022-11-29 13:39:08,051 - [INFO] - from org.deeplearning4j.models.embeddings.inmemory.InMemoryLookupTable in main
                
Initializing syn1...

2022-11-29 13:39:08,051 - [INFO] - from org.deeplearning4j.models.sequencevectors.SequenceVectors in main
                
Building learning algorithms:

2022-11-29 13:39:08,055 - [INFO] - from org.deeplearning4j.models.sequencevectors.SequenceVectors in main
                
          building ElementsLearningAlgorithm: [SkipGram]

2022-11-29 13:39:08,067 - [INFO] - from org.deeplearning4j.models.sequencevectors.SequenceVectors in main
                
Starting learning process...

2022-11-29 13:39:17,282 - [INFO] - from org.deeplearning4j.models.sequencevectors.SequenceVectors in main
                
Epoch [1] finished; Elements processed so far: [634303];  Sequences processed: [97162]

2022-11-29 13:39:17,282 - [INFO] - from org.deeplearning4j.models.sequencevectors.SequenceVectors in main
                
Time spent on training: 9215 ms

2022-11-29 13:40:21,836 - [INFO] - from org.nd4j.linalg.factory.Nd4jBackend in main
                
Loaded [CpuBackend] backend

2022-11-29 13:40:24,273 - [INFO] - from org.nd4j.nativeblas.NativeOpsHolder in main
                
Number of threads used for linear algebra: 6

2022-11-29 13:40:24,284 - [INFO] - from org.nd4j.linalg.cpu.nativecpu.CpuNDArrayFactory in main
                
Binary level Generic x86 optimization level AVX/AVX2

2022-11-29 13:40:24,327 - [INFO] - from org.nd4j.nativeblas.Nd4jBlas in main
                
Number of threads used for OpenMP BLAS: 6

2022-11-29 13:40:24,361 - [INFO] - from org.nd4j.linalg.api.ops.executioner.DefaultOpExecutioner in main
                
Backend used: [CPU]; OS: [Windows 11]

2022-11-29 13:40:24,361 - [INFO] - from org.nd4j.linalg.api.ops.executioner.DefaultOpExecutioner in main
                
Cores: [12]; Memory: [1.8GB];

2022-11-29 13:40:24,361 - [INFO] - from org.nd4j.linalg.api.ops.executioner.DefaultOpExecutioner in main
                
Blas vendor: [OPENBLAS]

2022-11-29 13:40:24,374 - [INFO] - from org.nd4j.linalg.cpu.nativecpu.CpuBackend in main
                
Backend build information:
 GCC: "12.1.0"
STD version: 201103L
DEFAULT_ENGINE: samediff::ENGINE_CPU
HAVE_FLATBUFFERS
HAVE_OPENBLAS

2022-11-29 13:40:24,442 - [INFO] - from org.deeplearning4j.models.sequencevectors.SequenceVectors in main
                
Starting vocabulary building...

2022-11-29 13:40:25,679 - [INFO] - from org.deeplearning4j.models.word2vec.wordstore.VocabConstructor in main
                
Sequences checked: [97162], Current vocabulary size: [242]; Sequences/sec: [78610.03];

2022-11-29 13:40:25,695 - [INFO] - from org.deeplearning4j.models.embeddings.loader.WordVectorSerializer in main
                
Projected memory use for model: [0.18 MB]

2022-11-29 13:40:25,835 - [INFO] - from org.deeplearning4j.models.embeddings.inmemory.InMemoryLookupTable in main
                
Initializing syn1...

2022-11-29 13:40:25,835 - [INFO] - from org.deeplearning4j.models.sequencevectors.SequenceVectors in main
                
Building learning algorithms:

2022-11-29 13:40:25,839 - [INFO] - from org.deeplearning4j.models.sequencevectors.SequenceVectors in main
                
          building ElementsLearningAlgorithm: [SkipGram]

2022-11-29 13:40:25,853 - [INFO] - from org.deeplearning4j.models.sequencevectors.SequenceVectors in main
                
Starting learning process...

2022-11-29 13:40:33,924 - [INFO] - from org.deeplearning4j.models.sequencevectors.SequenceVectors in main
                
Epoch [1] finished; Elements processed so far: [634303];  Sequences processed: [97162]

2022-11-29 13:40:33,925 - [INFO] - from org.deeplearning4j.models.sequencevectors.SequenceVectors in main
                
Time spent on training: 8072 ms

2022-12-02 11:40:32,557 - [INFO] - from org.nd4j.linalg.factory.Nd4jBackend in main
                
Loaded [CpuBackend] backend

2022-12-02 11:40:36,666 - [INFO] - from org.nd4j.nativeblas.NativeOpsHolder in main
                
Number of threads used for linear algebra: 6

2022-12-02 11:40:36,678 - [INFO] - from org.nd4j.linalg.cpu.nativecpu.CpuNDArrayFactory in main
                
Binary level Generic x86 optimization level AVX/AVX2

2022-12-02 11:40:36,721 - [INFO] - from org.nd4j.nativeblas.Nd4jBlas in main
                
Number of threads used for OpenMP BLAS: 6

2022-12-02 11:40:36,751 - [INFO] - from org.nd4j.linalg.api.ops.executioner.DefaultOpExecutioner in main
                
Backend used: [CPU]; OS: [Windows 11]

2022-12-02 11:40:36,751 - [INFO] - from org.nd4j.linalg.api.ops.executioner.DefaultOpExecutioner in main
                
Cores: [12]; Memory: [1.8GB];

2022-12-02 11:40:36,752 - [INFO] - from org.nd4j.linalg.api.ops.executioner.DefaultOpExecutioner in main
                
Blas vendor: [OPENBLAS]

2022-12-02 11:40:36,767 - [INFO] - from org.nd4j.linalg.cpu.nativecpu.CpuBackend in main
                
Backend build information:
 GCC: "12.1.0"
STD version: 201103L
DEFAULT_ENGINE: samediff::ENGINE_CPU
HAVE_FLATBUFFERS
HAVE_OPENBLAS

2022-12-02 11:40:36,841 - [INFO] - from org.deeplearning4j.models.sequencevectors.SequenceVectors in main
                
Starting vocabulary building...

2022-12-02 11:40:38,292 - [INFO] - from org.deeplearning4j.models.word2vec.wordstore.VocabConstructor in main
                
Sequences checked: [97162], Current vocabulary size: [242]; Sequences/sec: [66962.10];

2022-12-02 11:40:38,315 - [INFO] - from org.deeplearning4j.models.embeddings.loader.WordVectorSerializer in main
                
Projected memory use for model: [0.18 MB]

2022-12-02 11:40:38,477 - [INFO] - from org.deeplearning4j.models.embeddings.inmemory.InMemoryLookupTable in main
                
Initializing syn1...

2022-12-02 11:40:38,478 - [INFO] - from org.deeplearning4j.models.sequencevectors.SequenceVectors in main
                
Building learning algorithms:

2022-12-02 11:40:38,482 - [INFO] - from org.deeplearning4j.models.sequencevectors.SequenceVectors in main
                
          building ElementsLearningAlgorithm: [SkipGram]

2022-12-02 11:40:38,495 - [INFO] - from org.deeplearning4j.models.sequencevectors.SequenceVectors in main
                
Starting learning process...

2022-12-02 11:40:47,150 - [INFO] - from org.deeplearning4j.models.sequencevectors.SequenceVectors in main
                
Epoch [1] finished; Elements processed so far: [634303];  Sequences processed: [97162]

2022-12-02 11:40:47,150 - [INFO] - from org.deeplearning4j.models.sequencevectors.SequenceVectors in main
                
Time spent on training: 8654 ms

2022-12-02 11:42:04,892 - [INFO] - from org.nd4j.linalg.factory.Nd4jBackend in main
                
Loaded [CpuBackend] backend

2022-12-02 11:42:07,081 - [INFO] - from org.nd4j.nativeblas.NativeOpsHolder in main
                
Number of threads used for linear algebra: 6

2022-12-02 11:42:07,095 - [INFO] - from org.nd4j.linalg.cpu.nativecpu.CpuNDArrayFactory in main
                
Binary level Generic x86 optimization level AVX/AVX2

2022-12-02 11:42:07,142 - [INFO] - from org.nd4j.nativeblas.Nd4jBlas in main
                
Number of threads used for OpenMP BLAS: 6

2022-12-02 11:42:07,168 - [INFO] - from org.nd4j.linalg.api.ops.executioner.DefaultOpExecutioner in main
                
Backend used: [CPU]; OS: [Windows 11]

2022-12-02 11:42:07,169 - [INFO] - from org.nd4j.linalg.api.ops.executioner.DefaultOpExecutioner in main
                
Cores: [12]; Memory: [1.8GB];

2022-12-02 11:42:07,169 - [INFO] - from org.nd4j.linalg.api.ops.executioner.DefaultOpExecutioner in main
                
Blas vendor: [OPENBLAS]

2022-12-02 11:42:07,178 - [INFO] - from org.nd4j.linalg.cpu.nativecpu.CpuBackend in main
                
Backend build information:
 GCC: "12.1.0"
STD version: 201103L
DEFAULT_ENGINE: samediff::ENGINE_CPU
HAVE_FLATBUFFERS
HAVE_OPENBLAS

2022-12-02 11:42:07,241 - [INFO] - from org.deeplearning4j.models.sequencevectors.SequenceVectors in main
                
Starting vocabulary building...

2022-12-02 11:42:08,456 - [INFO] - from org.deeplearning4j.models.word2vec.wordstore.VocabConstructor in main
                
Sequences checked: [97162], Current vocabulary size: [242]; Sequences/sec: [80034.60];

2022-12-02 11:42:08,470 - [INFO] - from org.deeplearning4j.models.embeddings.loader.WordVectorSerializer in main
                
Projected memory use for model: [0.18 MB]

2022-12-02 11:42:08,582 - [INFO] - from org.deeplearning4j.models.embeddings.inmemory.InMemoryLookupTable in main
                
Initializing syn1...

2022-12-02 11:42:08,583 - [INFO] - from org.deeplearning4j.models.sequencevectors.SequenceVectors in main
                
Building learning algorithms:

2022-12-02 11:42:08,586 - [INFO] - from org.deeplearning4j.models.sequencevectors.SequenceVectors in main
                
          building ElementsLearningAlgorithm: [SkipGram]

2022-12-02 11:42:08,600 - [INFO] - from org.deeplearning4j.models.sequencevectors.SequenceVectors in main
                
Starting learning process...

2022-12-02 11:42:17,133 - [INFO] - from org.deeplearning4j.models.sequencevectors.SequenceVectors in main
                
Epoch [1] finished; Elements processed so far: [634303];  Sequences processed: [97162]

2022-12-02 11:42:17,134 - [INFO] - from org.deeplearning4j.models.sequencevectors.SequenceVectors in main
                
Time spent on training: 8533 ms

2022-12-02 11:50:44,146 - [INFO] - from org.nd4j.linalg.factory.Nd4jBackend in main
                
Loaded [CpuBackend] backend

2022-12-02 11:50:46,566 - [INFO] - from org.nd4j.nativeblas.NativeOpsHolder in main
                
Number of threads used for linear algebra: 6

2022-12-02 11:50:46,578 - [INFO] - from org.nd4j.linalg.cpu.nativecpu.CpuNDArrayFactory in main
                
Binary level Generic x86 optimization level AVX/AVX2

2022-12-02 11:50:46,615 - [INFO] - from org.nd4j.nativeblas.Nd4jBlas in main
                
Number of threads used for OpenMP BLAS: 6

2022-12-02 11:50:46,655 - [INFO] - from org.nd4j.linalg.api.ops.executioner.DefaultOpExecutioner in main
                
Backend used: [CPU]; OS: [Windows 11]

2022-12-02 11:50:46,655 - [INFO] - from org.nd4j.linalg.api.ops.executioner.DefaultOpExecutioner in main
                
Cores: [12]; Memory: [1.8GB];

2022-12-02 11:50:46,655 - [INFO] - from org.nd4j.linalg.api.ops.executioner.DefaultOpExecutioner in main
                
Blas vendor: [OPENBLAS]

2022-12-02 11:50:46,666 - [INFO] - from org.nd4j.linalg.cpu.nativecpu.CpuBackend in main
                
Backend build information:
 GCC: "12.1.0"
STD version: 201103L
DEFAULT_ENGINE: samediff::ENGINE_CPU
HAVE_FLATBUFFERS
HAVE_OPENBLAS

2022-12-02 11:50:46,735 - [INFO] - from org.deeplearning4j.models.sequencevectors.SequenceVectors in main
                
Starting vocabulary building...

2022-12-02 11:50:48,279 - [INFO] - from org.deeplearning4j.models.word2vec.wordstore.VocabConstructor in main
                
Sequences checked: [97162], Current vocabulary size: [242]; Sequences/sec: [62969.54];

2022-12-02 11:50:48,305 - [INFO] - from org.deeplearning4j.models.embeddings.loader.WordVectorSerializer in main
                
Projected memory use for model: [0.18 MB]

2022-12-02 11:50:48,497 - [INFO] - from org.deeplearning4j.models.embeddings.inmemory.InMemoryLookupTable in main
                
Initializing syn1...

2022-12-02 11:50:48,498 - [INFO] - from org.deeplearning4j.models.sequencevectors.SequenceVectors in main
                
Building learning algorithms:

2022-12-02 11:50:48,502 - [INFO] - from org.deeplearning4j.models.sequencevectors.SequenceVectors in main
                
          building ElementsLearningAlgorithm: [SkipGram]

2022-12-02 11:50:48,515 - [INFO] - from org.deeplearning4j.models.sequencevectors.SequenceVectors in main
                
Starting learning process...

2022-12-02 11:50:57,533 - [INFO] - from org.deeplearning4j.models.sequencevectors.SequenceVectors in main
                
Epoch [1] finished; Elements processed so far: [634303];  Sequences processed: [97162]

2022-12-02 11:50:57,534 - [INFO] - from org.deeplearning4j.models.sequencevectors.SequenceVectors in main
                
Time spent on training: 9019 ms

2022-12-04 16:02:32,917 - [INFO] - from org.nd4j.linalg.factory.Nd4jBackend in main
                
Loaded [CpuBackend] backend

2022-12-04 16:02:36,909 - [INFO] - from org.nd4j.nativeblas.NativeOpsHolder in main
                
Number of threads used for linear algebra: 6

2022-12-04 16:02:36,920 - [INFO] - from org.nd4j.linalg.cpu.nativecpu.CpuNDArrayFactory in main
                
Binary level Generic x86 optimization level AVX/AVX2

2022-12-04 16:02:36,965 - [INFO] - from org.nd4j.nativeblas.Nd4jBlas in main
                
Number of threads used for OpenMP BLAS: 6

2022-12-04 16:02:36,998 - [INFO] - from org.nd4j.linalg.api.ops.executioner.DefaultOpExecutioner in main
                
Backend used: [CPU]; OS: [Windows 11]

2022-12-04 16:02:36,998 - [INFO] - from org.nd4j.linalg.api.ops.executioner.DefaultOpExecutioner in main
                
Cores: [12]; Memory: [1.8GB];

2022-12-04 16:02:36,998 - [INFO] - from org.nd4j.linalg.api.ops.executioner.DefaultOpExecutioner in main
                
Blas vendor: [OPENBLAS]

2022-12-04 16:02:37,008 - [INFO] - from org.nd4j.linalg.cpu.nativecpu.CpuBackend in main
                
Backend build information:
 GCC: "12.1.0"
STD version: 201103L
DEFAULT_ENGINE: samediff::ENGINE_CPU
HAVE_FLATBUFFERS
HAVE_OPENBLAS

2022-12-04 16:02:37,073 - [INFO] - from org.deeplearning4j.models.sequencevectors.SequenceVectors in main
                
Starting vocabulary building...

2022-12-04 16:02:38,426 - [INFO] - from org.deeplearning4j.models.word2vec.wordstore.VocabConstructor in main
                
Sequences checked: [97162], Current vocabulary size: [242]; Sequences/sec: [71918.58];

2022-12-04 16:02:38,442 - [INFO] - from org.deeplearning4j.models.embeddings.loader.WordVectorSerializer in main
                
Projected memory use for model: [0.18 MB]

2022-12-04 16:02:38,575 - [INFO] - from org.deeplearning4j.models.embeddings.inmemory.InMemoryLookupTable in main
                
Initializing syn1...

2022-12-04 16:02:38,576 - [INFO] - from org.deeplearning4j.models.sequencevectors.SequenceVectors in main
                
Building learning algorithms:

2022-12-04 16:02:38,579 - [INFO] - from org.deeplearning4j.models.sequencevectors.SequenceVectors in main
                
          building ElementsLearningAlgorithm: [SkipGram]

2022-12-04 16:02:38,592 - [INFO] - from org.deeplearning4j.models.sequencevectors.SequenceVectors in main
                
Starting learning process...

2022-12-04 16:02:46,781 - [INFO] - from org.deeplearning4j.models.sequencevectors.SequenceVectors in main
                
Epoch [1] finished; Elements processed so far: [634303];  Sequences processed: [97162]

2022-12-04 16:02:46,782 - [INFO] - from org.deeplearning4j.models.sequencevectors.SequenceVectors in main
                
Time spent on training: 8190 ms

2022-12-04 16:10:05,893 - [INFO] - from org.nd4j.linalg.factory.Nd4jBackend in main
                
Loaded [CpuBackend] backend

2022-12-04 16:10:08,179 - [INFO] - from org.nd4j.nativeblas.NativeOpsHolder in main
                
Number of threads used for linear algebra: 6

2022-12-04 16:10:08,194 - [INFO] - from org.nd4j.linalg.cpu.nativecpu.CpuNDArrayFactory in main
                
Binary level Generic x86 optimization level AVX/AVX2

2022-12-04 16:10:08,241 - [INFO] - from org.nd4j.nativeblas.Nd4jBlas in main
                
Number of threads used for OpenMP BLAS: 6

2022-12-04 16:10:08,272 - [INFO] - from org.nd4j.linalg.api.ops.executioner.DefaultOpExecutioner in main
                
Backend used: [CPU]; OS: [Windows 11]

2022-12-04 16:10:08,273 - [INFO] - from org.nd4j.linalg.api.ops.executioner.DefaultOpExecutioner in main
                
Cores: [12]; Memory: [1.8GB];

2022-12-04 16:10:08,273 - [INFO] - from org.nd4j.linalg.api.ops.executioner.DefaultOpExecutioner in main
                
Blas vendor: [OPENBLAS]

2022-12-04 16:10:08,286 - [INFO] - from org.nd4j.linalg.cpu.nativecpu.CpuBackend in main
                
Backend build information:
 GCC: "12.1.0"
STD version: 201103L
DEFAULT_ENGINE: samediff::ENGINE_CPU
HAVE_FLATBUFFERS
HAVE_OPENBLAS

2022-12-04 16:10:08,359 - [INFO] - from org.deeplearning4j.models.sequencevectors.SequenceVectors in main
                
Starting vocabulary building...

2022-12-04 16:10:09,612 - [INFO] - from org.deeplearning4j.models.word2vec.wordstore.VocabConstructor in main
                
Sequences checked: [97162], Current vocabulary size: [242]; Sequences/sec: [77605.43];

2022-12-04 16:10:09,628 - [INFO] - from org.deeplearning4j.models.embeddings.loader.WordVectorSerializer in main
                
Projected memory use for model: [0.18 MB]

2022-12-04 16:10:09,758 - [INFO] - from org.deeplearning4j.models.embeddings.inmemory.InMemoryLookupTable in main
                
Initializing syn1...

2022-12-04 16:10:09,759 - [INFO] - from org.deeplearning4j.models.sequencevectors.SequenceVectors in main
                
Building learning algorithms:

2022-12-04 16:10:09,763 - [INFO] - from org.deeplearning4j.models.sequencevectors.SequenceVectors in main
                
          building ElementsLearningAlgorithm: [SkipGram]

2022-12-04 16:10:09,777 - [INFO] - from org.deeplearning4j.models.sequencevectors.SequenceVectors in main
                
Starting learning process...

2022-12-04 16:10:18,570 - [INFO] - from org.deeplearning4j.models.sequencevectors.SequenceVectors in main
                
Epoch [1] finished; Elements processed so far: [634303];  Sequences processed: [97162]

2022-12-04 16:10:18,571 - [INFO] - from org.deeplearning4j.models.sequencevectors.SequenceVectors in main
                
Time spent on training: 8793 ms

2022-12-04 16:13:51,743 - [INFO] - from org.nd4j.linalg.factory.Nd4jBackend in main
                
Loaded [CpuBackend] backend

2022-12-04 16:13:53,805 - [INFO] - from org.nd4j.nativeblas.NativeOpsHolder in main
                
Number of threads used for linear algebra: 6

2022-12-04 16:13:53,818 - [INFO] - from org.nd4j.linalg.cpu.nativecpu.CpuNDArrayFactory in main
                
Binary level Generic x86 optimization level AVX/AVX2

2022-12-04 16:13:53,865 - [INFO] - from org.nd4j.nativeblas.Nd4jBlas in main
                
Number of threads used for OpenMP BLAS: 6

2022-12-04 16:13:53,898 - [INFO] - from org.nd4j.linalg.api.ops.executioner.DefaultOpExecutioner in main
                
Backend used: [CPU]; OS: [Windows 11]

2022-12-04 16:13:53,899 - [INFO] - from org.nd4j.linalg.api.ops.executioner.DefaultOpExecutioner in main
                
Cores: [12]; Memory: [1.8GB];

2022-12-04 16:13:53,899 - [INFO] - from org.nd4j.linalg.api.ops.executioner.DefaultOpExecutioner in main
                
Blas vendor: [OPENBLAS]

2022-12-04 16:13:53,910 - [INFO] - from org.nd4j.linalg.cpu.nativecpu.CpuBackend in main
                
Backend build information:
 GCC: "12.1.0"
STD version: 201103L
DEFAULT_ENGINE: samediff::ENGINE_CPU
HAVE_FLATBUFFERS
HAVE_OPENBLAS

2022-12-04 16:13:53,981 - [INFO] - from org.deeplearning4j.models.sequencevectors.SequenceVectors in main
                
Starting vocabulary building...

2022-12-04 16:13:55,208 - [INFO] - from org.deeplearning4j.models.word2vec.wordstore.VocabConstructor in main
                
Sequences checked: [97162], Current vocabulary size: [242]; Sequences/sec: [79315.92];

2022-12-04 16:13:55,222 - [INFO] - from org.deeplearning4j.models.embeddings.loader.WordVectorSerializer in main
                
Projected memory use for model: [0.18 MB]

2022-12-04 16:13:55,330 - [INFO] - from org.deeplearning4j.models.embeddings.inmemory.InMemoryLookupTable in main
                
Initializing syn1...

2022-12-04 16:13:55,331 - [INFO] - from org.deeplearning4j.models.sequencevectors.SequenceVectors in main
                
Building learning algorithms:

2022-12-04 16:13:55,336 - [INFO] - from org.deeplearning4j.models.sequencevectors.SequenceVectors in main
                
          building ElementsLearningAlgorithm: [SkipGram]

2022-12-04 16:13:55,351 - [INFO] - from org.deeplearning4j.models.sequencevectors.SequenceVectors in main
                
Starting learning process...

2022-12-04 16:14:04,013 - [INFO] - from org.deeplearning4j.models.sequencevectors.SequenceVectors in main
                
Epoch [1] finished; Elements processed so far: [634303];  Sequences processed: [97162]

2022-12-04 16:14:04,013 - [INFO] - from org.deeplearning4j.models.sequencevectors.SequenceVectors in main
                
Time spent on training: 8661 ms

2022-12-05 10:45:16,520 - [INFO] - from org.nd4j.linalg.factory.Nd4jBackend in main
                
Loaded [CpuBackend] backend

2022-12-05 10:45:20,745 - [INFO] - from org.nd4j.nativeblas.NativeOpsHolder in main
                
Number of threads used for linear algebra: 6

2022-12-05 10:45:20,754 - [INFO] - from org.nd4j.linalg.cpu.nativecpu.CpuNDArrayFactory in main
                
Binary level Generic x86 optimization level AVX/AVX2

2022-12-05 10:45:20,799 - [INFO] - from org.nd4j.nativeblas.Nd4jBlas in main
                
Number of threads used for OpenMP BLAS: 6

2022-12-05 10:45:20,837 - [INFO] - from org.nd4j.linalg.api.ops.executioner.DefaultOpExecutioner in main
                
Backend used: [CPU]; OS: [Windows 11]

2022-12-05 10:45:20,838 - [INFO] - from org.nd4j.linalg.api.ops.executioner.DefaultOpExecutioner in main
                
Cores: [12]; Memory: [1.8GB];

2022-12-05 10:45:20,838 - [INFO] - from org.nd4j.linalg.api.ops.executioner.DefaultOpExecutioner in main
                
Blas vendor: [OPENBLAS]

2022-12-05 10:45:20,850 - [INFO] - from org.nd4j.linalg.cpu.nativecpu.CpuBackend in main
                
Backend build information:
 GCC: "12.1.0"
STD version: 201103L
DEFAULT_ENGINE: samediff::ENGINE_CPU
HAVE_FLATBUFFERS
HAVE_OPENBLAS

2022-12-05 10:45:20,915 - [INFO] - from org.deeplearning4j.models.sequencevectors.SequenceVectors in main
                
Starting vocabulary building...

2022-12-05 10:45:22,149 - [INFO] - from org.deeplearning4j.models.word2vec.wordstore.VocabConstructor in main
                
Sequences checked: [97162], Current vocabulary size: [242]; Sequences/sec: [78801.30];

2022-12-05 10:45:22,168 - [INFO] - from org.deeplearning4j.models.embeddings.loader.WordVectorSerializer in main
                
Projected memory use for model: [0.18 MB]

2022-12-05 10:45:22,295 - [INFO] - from org.deeplearning4j.models.embeddings.inmemory.InMemoryLookupTable in main
                
Initializing syn1...

2022-12-05 10:45:22,297 - [INFO] - from org.deeplearning4j.models.sequencevectors.SequenceVectors in main
                
Building learning algorithms:

2022-12-05 10:45:22,300 - [INFO] - from org.deeplearning4j.models.sequencevectors.SequenceVectors in main
                
          building ElementsLearningAlgorithm: [SkipGram]

2022-12-05 10:45:22,317 - [INFO] - from org.deeplearning4j.models.sequencevectors.SequenceVectors in main
                
Starting learning process...

2022-12-05 10:45:32,024 - [INFO] - from org.deeplearning4j.models.sequencevectors.SequenceVectors in main
                
Epoch [1] finished; Elements processed so far: [634303];  Sequences processed: [97162]

2022-12-05 10:45:32,026 - [INFO] - from org.deeplearning4j.models.sequencevectors.SequenceVectors in main
                
Time spent on training: 9708 ms

2022-12-05 18:53:07,308 - [INFO] - from org.nd4j.linalg.factory.Nd4jBackend in main
                
Loaded [CpuBackend] backend

2022-12-05 18:53:07,392 - [WARN] - from org.nd4j.versioncheck.VersionCheck in main
                
*** ND4J VERSION CHECK FAILED - INCOMPATIBLE VERSIONS FOUND ***

2022-12-05 18:53:07,392 - [WARN] - from org.nd4j.versioncheck.VersionCheck in main
                
Incompatible versions (different version number) of DL4J, ND4J, RL4J, DataVec, Arbiter are unlikely to function correctly

2022-12-05 18:53:07,392 - [INFO] - from org.nd4j.versioncheck.VersionCheck in main
                
Versions of artifacts found on classpath:

2022-12-05 18:53:07,409 - [INFO] - from org.nd4j.versioncheck.VersionCheck in main
                
org.datavec : datavec-api : 1.0.0-beta3

2022-12-05 18:53:07,409 - [INFO] - from org.nd4j.versioncheck.VersionCheck in main
                
org.deeplearning4j : deeplearning4j-nlp : 1.0.0-beta2

2022-12-05 18:53:07,409 - [INFO] - from org.nd4j.versioncheck.VersionCheck in main
                
org.nd4j : nd4j-common : 1.0.0-beta3

2022-12-05 18:53:09,453 - [INFO] - from org.nd4j.nativeblas.NativeOpsHolder in main
                
Number of threads used for linear algebra: 6

2022-12-05 18:53:09,460 - [INFO] - from org.nd4j.linalg.cpu.nativecpu.CpuNDArrayFactory in main
                
Binary level Generic x86 optimization level AVX/AVX2

2022-12-05 18:53:09,480 - [INFO] - from org.nd4j.nativeblas.Nd4jBlas in main
                
Number of threads used for OpenMP BLAS: 6

2022-12-05 18:53:09,496 - [INFO] - from org.nd4j.linalg.api.ops.executioner.DefaultOpExecutioner in main
                
Backend used: [CPU]; OS: [Windows 11]

2022-12-05 18:53:09,496 - [INFO] - from org.nd4j.linalg.api.ops.executioner.DefaultOpExecutioner in main
                
Cores: [12]; Memory: [1.8GB];

2022-12-05 18:53:09,496 - [INFO] - from org.nd4j.linalg.api.ops.executioner.DefaultOpExecutioner in main
                
Blas vendor: [OPENBLAS]

2022-12-05 18:53:09,501 - [INFO] - from org.nd4j.linalg.cpu.nativecpu.CpuBackend in main
                
Backend build information:
 GCC: "12.1.0"
STD version: 201103L
DEFAULT_ENGINE: samediff::ENGINE_CPU
HAVE_FLATBUFFERS
HAVE_OPENBLAS

2022-12-05 18:53:09,545 - [INFO] - from org.deeplearning4j.models.sequencevectors.SequenceVectors in main
                
Starting vocabulary building...

2022-12-05 18:53:10,228 - [INFO] - from org.deeplearning4j.models.word2vec.wordstore.VocabConstructor in main
                
Sequences checked: [97162], Current vocabulary size: [242]; Sequences/sec: [142466.28];

2022-12-05 18:53:10,240 - [INFO] - from org.deeplearning4j.models.embeddings.loader.WordVectorSerializer in main
                
Projected memory use for model: [0.18 MB]

2022-12-05 18:53:10,320 - [INFO] - from org.deeplearning4j.models.embeddings.inmemory.InMemoryLookupTable in main
                
Initializing syn1...

2022-12-05 18:53:10,321 - [INFO] - from org.deeplearning4j.models.sequencevectors.SequenceVectors in main
                
Building learning algorithms:

2022-12-05 18:53:10,323 - [INFO] - from org.deeplearning4j.models.sequencevectors.SequenceVectors in main
                
          building ElementsLearningAlgorithm: [SkipGram]

2022-12-05 18:53:10,332 - [INFO] - from org.deeplearning4j.models.sequencevectors.SequenceVectors in main
                
Starting learning process...

2022-12-05 18:53:15,352 - [INFO] - from org.deeplearning4j.models.sequencevectors.SequenceVectors in main
                
Epoch [1] finished; Elements processed so far: [634303];  Sequences processed: [97162]

2022-12-05 18:53:15,353 - [INFO] - from org.deeplearning4j.models.sequencevectors.SequenceVectors in main
                
Time spent on training: 5020 ms

2022-12-05 18:53:38,320 - [INFO] - from org.nd4j.linalg.factory.Nd4jBackend in main
                
Loaded [CpuBackend] backend

2022-12-05 18:53:38,405 - [WARN] - from org.nd4j.versioncheck.VersionCheck in main
                
*** ND4J VERSION CHECK FAILED - INCOMPATIBLE VERSIONS FOUND ***

2022-12-05 18:53:38,405 - [WARN] - from org.nd4j.versioncheck.VersionCheck in main
                
Incompatible versions (different version number) of DL4J, ND4J, RL4J, DataVec, Arbiter are unlikely to function correctly

2022-12-05 18:53:38,405 - [INFO] - from org.nd4j.versioncheck.VersionCheck in main
                
Versions of artifacts found on classpath:

2022-12-05 18:53:38,424 - [INFO] - from org.nd4j.versioncheck.VersionCheck in main
                
org.datavec : datavec-api : 1.0.0-beta3

2022-12-05 18:53:38,425 - [INFO] - from org.nd4j.versioncheck.VersionCheck in main
                
org.deeplearning4j : deeplearning4j-nlp : 1.0.0-beta2

2022-12-05 18:53:38,425 - [INFO] - from org.nd4j.versioncheck.VersionCheck in main
                
org.nd4j : nd4j-common : 1.0.0-beta3

2022-12-05 18:53:39,367 - [INFO] - from org.nd4j.nativeblas.NativeOpsHolder in main
                
Number of threads used for linear algebra: 6

2022-12-05 18:53:39,373 - [INFO] - from org.nd4j.linalg.cpu.nativecpu.CpuNDArrayFactory in main
                
Binary level Generic x86 optimization level AVX/AVX2

2022-12-05 18:53:39,389 - [INFO] - from org.nd4j.nativeblas.Nd4jBlas in main
                
Number of threads used for OpenMP BLAS: 6

2022-12-05 18:53:39,403 - [INFO] - from org.nd4j.linalg.api.ops.executioner.DefaultOpExecutioner in main
                
Backend used: [CPU]; OS: [Windows 11]

2022-12-05 18:53:39,403 - [INFO] - from org.nd4j.linalg.api.ops.executioner.DefaultOpExecutioner in main
                
Cores: [12]; Memory: [1.8GB];

2022-12-05 18:53:39,403 - [INFO] - from org.nd4j.linalg.api.ops.executioner.DefaultOpExecutioner in main
                
Blas vendor: [OPENBLAS]

2022-12-05 18:53:39,408 - [INFO] - from org.nd4j.linalg.cpu.nativecpu.CpuBackend in main
                
Backend build information:
 GCC: "12.1.0"
STD version: 201103L
DEFAULT_ENGINE: samediff::ENGINE_CPU
HAVE_FLATBUFFERS
HAVE_OPENBLAS

2022-12-05 18:53:39,444 - [INFO] - from org.deeplearning4j.models.sequencevectors.SequenceVectors in main
                
Starting vocabulary building...

2022-12-05 18:53:40,093 - [INFO] - from org.deeplearning4j.models.word2vec.wordstore.VocabConstructor in main
                
Sequences checked: [97162], Current vocabulary size: [242]; Sequences/sec: [150173.11];

2022-12-05 18:53:40,104 - [INFO] - from org.deeplearning4j.models.embeddings.loader.WordVectorSerializer in main
                
Projected memory use for model: [0.18 MB]

2022-12-05 18:53:40,181 - [INFO] - from org.deeplearning4j.models.embeddings.inmemory.InMemoryLookupTable in main
                
Initializing syn1...

2022-12-05 18:53:40,181 - [INFO] - from org.deeplearning4j.models.sequencevectors.SequenceVectors in main
                
Building learning algorithms:

2022-12-05 18:53:40,183 - [INFO] - from org.deeplearning4j.models.sequencevectors.SequenceVectors in main
                
          building ElementsLearningAlgorithm: [SkipGram]

2022-12-05 18:53:40,191 - [INFO] - from org.deeplearning4j.models.sequencevectors.SequenceVectors in main
                
Starting learning process...

2022-12-05 18:53:45,009 - [INFO] - from org.deeplearning4j.models.sequencevectors.SequenceVectors in main
                
Epoch [1] finished; Elements processed so far: [634303];  Sequences processed: [97162]

2022-12-05 18:53:45,010 - [INFO] - from org.deeplearning4j.models.sequencevectors.SequenceVectors in main
                
Time spent on training: 4819 ms

2022-12-06 04:02:09,236 - [INFO] - from org.nd4j.linalg.factory.Nd4jBackend in main
                
Loaded [CpuBackend] backend

2022-12-06 04:02:09,322 - [WARN] - from org.nd4j.versioncheck.VersionCheck in main
                
*** ND4J VERSION CHECK FAILED - INCOMPATIBLE VERSIONS FOUND ***

2022-12-06 04:02:09,322 - [WARN] - from org.nd4j.versioncheck.VersionCheck in main
                
Incompatible versions (different version number) of DL4J, ND4J, RL4J, DataVec, Arbiter are unlikely to function correctly

2022-12-06 04:02:09,322 - [INFO] - from org.nd4j.versioncheck.VersionCheck in main
                
Versions of artifacts found on classpath:

2022-12-06 04:02:09,341 - [INFO] - from org.nd4j.versioncheck.VersionCheck in main
                
org.datavec : datavec-api : 1.0.0-beta3

2022-12-06 04:02:09,342 - [INFO] - from org.nd4j.versioncheck.VersionCheck in main
                
org.deeplearning4j : deeplearning4j-nlp : 1.0.0-beta2

2022-12-06 04:02:09,342 - [INFO] - from org.nd4j.versioncheck.VersionCheck in main
                
org.nd4j : nd4j-common : 1.0.0-beta3

2022-12-06 04:02:11,631 - [INFO] - from org.nd4j.nativeblas.NativeOpsHolder in main
                
Number of threads used for linear algebra: 6

2022-12-06 04:02:11,639 - [INFO] - from org.nd4j.linalg.cpu.nativecpu.CpuNDArrayFactory in main
                
Binary level Generic x86 optimization level AVX/AVX2

2022-12-06 04:02:11,661 - [INFO] - from org.nd4j.nativeblas.Nd4jBlas in main
                
Number of threads used for OpenMP BLAS: 6

2022-12-06 04:02:11,679 - [INFO] - from org.nd4j.linalg.api.ops.executioner.DefaultOpExecutioner in main
                
Backend used: [CPU]; OS: [Windows 11]

2022-12-06 04:02:11,680 - [INFO] - from org.nd4j.linalg.api.ops.executioner.DefaultOpExecutioner in main
                
Cores: [12]; Memory: [1.8GB];

2022-12-06 04:02:11,680 - [INFO] - from org.nd4j.linalg.api.ops.executioner.DefaultOpExecutioner in main
                
Blas vendor: [OPENBLAS]

2022-12-06 04:02:11,686 - [INFO] - from org.nd4j.linalg.cpu.nativecpu.CpuBackend in main
                
Backend build information:
 GCC: "12.1.0"
STD version: 201103L
DEFAULT_ENGINE: samediff::ENGINE_CPU
HAVE_FLATBUFFERS
HAVE_OPENBLAS

2022-12-06 04:02:11,730 - [INFO] - from org.deeplearning4j.models.sequencevectors.SequenceVectors in main
                
Starting vocabulary building...

2022-12-06 04:02:12,348 - [INFO] - from org.deeplearning4j.models.word2vec.wordstore.VocabConstructor in main
                
Sequences checked: [97162], Current vocabulary size: [242]; Sequences/sec: [157474.88];

2022-12-06 04:02:12,358 - [INFO] - from org.deeplearning4j.models.embeddings.loader.WordVectorSerializer in main
                
Projected memory use for model: [0.18 MB]

2022-12-06 04:02:12,440 - [INFO] - from org.deeplearning4j.models.embeddings.inmemory.InMemoryLookupTable in main
                
Initializing syn1...

2022-12-06 04:02:12,440 - [INFO] - from org.deeplearning4j.models.sequencevectors.SequenceVectors in main
                
Building learning algorithms:

2022-12-06 04:02:12,442 - [INFO] - from org.deeplearning4j.models.sequencevectors.SequenceVectors in main
                
          building ElementsLearningAlgorithm: [SkipGram]

2022-12-06 04:02:12,449 - [INFO] - from org.deeplearning4j.models.sequencevectors.SequenceVectors in main
                
Starting learning process...

2022-12-06 04:02:17,263 - [INFO] - from org.deeplearning4j.models.sequencevectors.SequenceVectors in main
                
Epoch [1] finished; Elements processed so far: [634303];  Sequences processed: [97162]

2022-12-06 04:02:17,263 - [INFO] - from org.deeplearning4j.models.sequencevectors.SequenceVectors in main
                
Time spent on training: 4814 ms

